Performing C SOURCE FILE Test CMAKE_HAVE_LIBC_PTHREAD failed with the following output:
Change Dir: /home/pw/cjy_home/c_ws/src/cam_lidar_calib/build/CMakeFiles/CMakeScratch/TryCompile-fFGRq0

Run Build Command(s):/usr/bin/make -f Makefile cmTC_54e98/fast && /usr/bin/make  -f CMakeFiles/cmTC_54e98.dir/build.make CMakeFiles/cmTC_54e98.dir/build
make[1]: Entering directory '/home/pw/cjy_home/c_ws/src/cam_lidar_calib/build/CMakeFiles/CMakeScratch/TryCompile-fFGRq0'
Building C object CMakeFiles/cmTC_54e98.dir/src.c.o
/usr/bin/cc -DCMAKE_HAVE_LIBC_PTHREAD   -o CMakeFiles/cmTC_54e98.dir/src.c.o -c /home/pw/cjy_home/c_ws/src/cam_lidar_calib/build/CMakeFiles/CMakeScratch/TryCompile-fFGRq0/src.c
Linking C executable cmTC_54e98
/usr/bin/cmake -E cmake_link_script CMakeFiles/cmTC_54e98.dir/link.txt --verbose=1
/usr/bin/cc -rdynamic CMakeFiles/cmTC_54e98.dir/src.c.o -o cmTC_54e98 
/usr/bin/ld: CMakeFiles/cmTC_54e98.dir/src.c.o: in function `main':
src.c:(.text+0x46): undefined reference to `pthread_create'
/usr/bin/ld: src.c:(.text+0x52): undefined reference to `pthread_detach'
/usr/bin/ld: src.c:(.text+0x5e): undefined reference to `pthread_cancel'
/usr/bin/ld: src.c:(.text+0x6f): undefined reference to `pthread_join'
collect2: error: ld returned 1 exit status
make[1]: *** [CMakeFiles/cmTC_54e98.dir/build.make:99: cmTC_54e98] Error 1
make[1]: Leaving directory '/home/pw/cjy_home/c_ws/src/cam_lidar_calib/build/CMakeFiles/CMakeScratch/TryCompile-fFGRq0'
make: *** [Makefile:127: cmTC_54e98/fast] Error 2


Source file was:
#include <pthread.h>

static void* test_func(void* data)
{
  return data;
}

int main(void)
{
  pthread_t thread;
  pthread_create(&thread, NULL, test_func, NULL);
  pthread_detach(thread);
  pthread_cancel(thread);
  pthread_join(thread, NULL);
  pthread_atfork(NULL, NULL, NULL);
  pthread_exit(NULL);

  return 0;
}


Determining if the function pthread_create exists in the pthreads failed with the following output:
Change Dir: /home/pw/cjy_home/c_ws/src/cam_lidar_calib/build/CMakeFiles/CMakeScratch/TryCompile-1S6Cv3

Run Build Command(s):/usr/bin/make -f Makefile cmTC_f5cb6/fast && /usr/bin/make  -f CMakeFiles/cmTC_f5cb6.dir/build.make CMakeFiles/cmTC_f5cb6.dir/build
make[1]: Entering directory '/home/pw/cjy_home/c_ws/src/cam_lidar_calib/build/CMakeFiles/CMakeScratch/TryCompile-1S6Cv3'
Building C object CMakeFiles/cmTC_f5cb6.dir/CheckFunctionExists.c.o
/usr/bin/cc   -DCHECK_FUNCTION_EXISTS=pthread_create -o CMakeFiles/cmTC_f5cb6.dir/CheckFunctionExists.c.o -c /home/pw/cjy_home/c_ws/src/cam_lidar_calib/build/CMakeFiles/CMakeScratch/TryCompile-1S6Cv3/CheckFunctionExists.c
Linking C executable cmTC_f5cb6
/usr/bin/cmake -E cmake_link_script CMakeFiles/cmTC_f5cb6.dir/link.txt --verbose=1
/usr/bin/cc  -DCHECK_FUNCTION_EXISTS=pthread_create -rdynamic CMakeFiles/cmTC_f5cb6.dir/CheckFunctionExists.c.o -o cmTC_f5cb6  -lpthreads 
/usr/bin/ld: cannot find -lpthreads
collect2: error: ld returned 1 exit status
make[1]: *** [CMakeFiles/cmTC_f5cb6.dir/build.make:99: cmTC_f5cb6] Error 1
make[1]: Leaving directory '/home/pw/cjy_home/c_ws/src/cam_lidar_calib/build/CMakeFiles/CMakeScratch/TryCompile-1S6Cv3'
make: *** [Makefile:127: cmTC_f5cb6/fast] Error 2



Determining if the function sgemm_ exists failed with the following output:
Change Dir: /home/pw/cjy_home/c_ws/src/cam_lidar_calib/build/CMakeFiles/CMakeScratch/TryCompile-0N4LQ0

Run Build Command(s):/usr/bin/make -f Makefile cmTC_3b83e/fast && /usr/bin/make  -f CMakeFiles/cmTC_3b83e.dir/build.make CMakeFiles/cmTC_3b83e.dir/build
make[1]: Entering directory '/home/pw/cjy_home/c_ws/src/cam_lidar_calib/build/CMakeFiles/CMakeScratch/TryCompile-0N4LQ0'
Building C object CMakeFiles/cmTC_3b83e.dir/CheckFunctionExists.c.o
/usr/bin/cc   -DCHECK_FUNCTION_EXISTS=sgemm_ -o CMakeFiles/cmTC_3b83e.dir/CheckFunctionExists.c.o -c /home/pw/cjy_home/c_ws/src/cam_lidar_calib/build/CMakeFiles/CMakeScratch/TryCompile-0N4LQ0/CheckFunctionExists.c
Linking C executable cmTC_3b83e
/usr/bin/cmake -E cmake_link_script CMakeFiles/cmTC_3b83e.dir/link.txt --verbose=1
/usr/bin/cc   -DCHECK_FUNCTION_EXISTS=sgemm_ -rdynamic CMakeFiles/cmTC_3b83e.dir/CheckFunctionExists.c.o -o cmTC_3b83e 
/usr/bin/ld: CMakeFiles/cmTC_3b83e.dir/CheckFunctionExists.c.o: in function `main':
CheckFunctionExists.c:(.text+0x14): undefined reference to `sgemm_'
collect2: error: ld returned 1 exit status
make[1]: *** [CMakeFiles/cmTC_3b83e.dir/build.make:99: cmTC_3b83e] Error 1
make[1]: Leaving directory '/home/pw/cjy_home/c_ws/src/cam_lidar_calib/build/CMakeFiles/CMakeScratch/TryCompile-0N4LQ0'
make: *** [Makefile:127: cmTC_3b83e/fast] Error 2



